<?xml version="1.0" encoding="UTF-8" standalone="no"?>
<testsuite errors="0" failures="3" name="io.cucumber.core.plugin.JUnitFormatter" skipped="0" tests="24" time="456.375">
<testcase classname="test currency" name="change currency to euro" time="74.214">
<system-out><![CDATA[Given initialize Currencies feature.........................................passed
When user press on currencies...............................................passed
And user chooses "euro".....................................................passed
Then the product currency changes to "euro".................................passed
]]></system-out>
</testcase>
<testcase classname="test register" name="Register with valid data" time="20.479">
<system-out><![CDATA[Given initialize register feature...........................................passed
When user press register icon...............................................passed
And user selects "male" and enters "ahmed" as first name, "basiouny" as last name, "ahmed@basiuny.com" as email, "ssv" as company, "ahmed123" as password and "ahmed123" as confirm password.passed
And user set his birthday as follow "10" Day "4" Month "1990" Year..........passed
And user clicks on register button..........................................passed
Then successful registration message appears................................passed
]]></system-out>
</testcase>
<testcase classname="test register" name="user didn't enter any data" time="24.22">
<system-out><![CDATA[Given initialize register feature...........................................passed
When user press register icon...............................................passed
And user clicks on register button..........................................passed
Then error messages appear..................................................passed
]]></system-out>
</testcase>
<testcase classname="test register" name="user didn't enter the same password" time="20.171">
<system-out><![CDATA[Given initialize register feature...........................................passed
When user press register icon...............................................passed
And user selects "male" and enters "ahmed" as first name, "basiouny" as last name, "ahmed@hassan.com" as email, "ssv" as company, "ahmed123" as password and "ahmed12" as confirm password.passed
And user set his birthday as follow "10" Day "4" Month "1990" Year..........passed
And user clicks on register button..........................................passed
Then user get non identical passwords.......................................passed
]]></system-out>
</testcase>
<testcase classname="test register" name="email already exist" time="22.905">
<system-out><![CDATA[Given initialize register feature...........................................passed
When user press register icon...............................................passed
And user selects "male" and enters "ahmed" as first name, "basiouny" as last name, "ahmed@basiuny.com" as email, "ssv" as company, "ahmed123" as password and "ahmed123" as confirm password.passed
And user set his birthday as follow "10" Day "4" Month "1990" Year..........passed
And user clicks on register button..........................................passed
Then email exist message appears............................................passed
]]></system-out>
</testcase>
<testcase classname="test search" name=": search products with name" time="15.04">
<system-out><![CDATA[Given initialize Search feature.............................................passed
When user types "gift card".................................................passed
And clicks on search........................................................passed
Then user should find the "gift card".......................................passed
]]></system-out>
</testcase>
<testcase classname="test search" name=": search products with name 2" time="18.583">
<system-out><![CDATA[Given initialize Search feature.............................................passed
When user types "laptop"....................................................passed
And clicks on search........................................................passed
Then user should find the "laptop"..........................................passed
]]></system-out>
</testcase>
<testcase classname="test search" name=": search products with name 3" time="12.142">
<system-out><![CDATA[Given initialize Search feature.............................................passed
When user types "nike"......................................................passed
And clicks on search........................................................passed
Then user should find the "nike"............................................passed
]]></system-out>
</testcase>
<testcase classname="test search" name=": search products with sku" time="13.966">
<system-out><![CDATA[Given initialize Search feature.............................................passed
When user types "IF_YOU_WT" as product sku..................................passed
And clicks on search........................................................passed
Then user should find the "IF_YOU_WT" as product sku........................passed
]]></system-out>
</testcase>
<testcase classname="test search" name=": search products with sku 2" time="12.451">
<system-out><![CDATA[Given initialize Search feature.............................................passed
When user types "COMP_CUST" as product sku..................................passed
And clicks on search........................................................passed
Then user should find the "COMP_CUST" as product sku........................passed
]]></system-out>
</testcase>
<testcase classname="test search" name=": search products with sku 3" time="24.612">
<system-out><![CDATA[Given initialize Search feature.............................................passed
When user types "AP_MBP_13" as product sku..................................passed
And clicks on search........................................................passed
Then user should find the "AP_MBP_13" as product sku........................passed
]]></system-out>
</testcase>
<testcase classname="test follow us" name="user clicks follow us icons" time="21.64">
<system-out><![CDATA[Given initialize follow us feature..........................................passed
When user clicks "facebook".................................................passed
Then user should go to selected "https://www.facebook.com/nopCommerce"......passed
]]></system-out>
</testcase>
<testcase classname="test follow us" name="user clicks follow us icons 2" time="20.942">
<system-out><![CDATA[Given initialize follow us feature..........................................passed
When user clicks "twitter"..................................................passed
Then user should go to selected "https://twitter.com/nopCommerce"...........passed
]]></system-out>
</testcase>
<testcase classname="test follow us" name="user clicks follow us icons 3" time="23.451">
<system-out><![CDATA[Given initialize follow us feature..........................................passed
When user clicks "youtube"..................................................passed
Then user should go to selected "https://www.youtube.com/user/nopCommerce"..passed
]]></system-out>
</testcase>
<testcase classname="test follow us" name="user clicks follow us icons 4" time="13.536">
<failure message="expected [https://demo.nopcommerce.com/new-online-store-is-open] but found [https://demo.nopcommerce.com/news/rss/1]" type="java.lang.AssertionError"><![CDATA[Given initialize follow us feature..........................................passed
When user clicks "news".....................................................passed
Then user should go to selected "https://demo.nopcommerce.com/new-online-store-is-open".failed

StackTrace:
java.lang.AssertionError: expected [https://demo.nopcommerce.com/new-online-store-is-open] but found [https://demo.nopcommerce.com/news/rss/1]
	at org.testng.Assert.fail(Assert.java:110)
	at org.testng.Assert.failNotEquals(Assert.java:1413)
	at org.testng.Assert.assertEqualsImpl(Assert.java:149)
	at org.testng.Assert.assertEquals(Assert.java:131)
	at org.testng.Assert.assertEquals(Assert.java:655)
	at org.testng.Assert.assertEquals(Assert.java:665)
	at stepDefs.followUsFeatureSteps.checkOnUrl(followUsFeatureSteps.java:34)
	at ✽.user should go to selected "https://demo.nopcommerce.com/new-online-store-is-open"(file:///C:/Users/user/IdeaProjects/E-commerce%20App%20Automation%20Testing/src/main/resources/features/followUs.feature:7)
]]></failure>
</testcase>
<testcase classname="test hover to categories" name="test random hover" time="12.753">
<system-out><![CDATA[Given initialize hover to categories feature................................passed
When user select random category he should go its page......................passed
]]></system-out>
</testcase>
<testcase classname="Test Login Functionality" name="Enter Valid Data" time="16.589">
<system-out><![CDATA[Given initialize login feature..............................................passed
When enter email "ahmed@basiuny.com" and password "ahmed123"................passed
And press login.............................................................passed
Then user go to home page...................................................passed
]]></system-out>
</testcase>
<testcase classname="Test Login Functionality" name="Enter invalid Data" time="14.981">
<system-out><![CDATA[Given initialize login feature..............................................passed
When enter email "help@gmail.com" and password "ssv"........................passed
And press login.............................................................passed
Then check on error message.................................................passed
]]></system-out>
</testcase>
<testcase classname="Test Login Functionality" name="Enter invalid email form" time="13.363">
<system-out><![CDATA[Given initialize login feature..............................................passed
When enter email "help" and password "qwwe".................................passed
Then check on email error message...........................................passed
]]></system-out>
</testcase>
<testcase classname="Test Login Functionality" name="user forget Password" time="14.921">
<system-out><![CDATA[Given initialize login feature..............................................passed
When user press forget password.............................................passed
And user enter email "ahmed@basiuny.com"....................................passed
And press recover button....................................................passed
Then user gets instructions message has been sent...........................passed
]]></system-out>
</testcase>
<testcase classname="test slider" name="test nokia pic" time="9.774">
<failure message="expected [https://demo.nopcommerce.com/nokia-lumia-1020] but found [https://demo.nopcommerce.com/]" type="java.lang.AssertionError"><![CDATA[Given initialize slider feature.............................................passed
When user select Nokia picture..............................................passed
Then user should navigate to Nokia page.....................................failed

StackTrace:
java.lang.AssertionError: expected [https://demo.nopcommerce.com/nokia-lumia-1020] but found [https://demo.nopcommerce.com/]
	at org.testng.Assert.fail(Assert.java:110)
	at org.testng.Assert.failNotEquals(Assert.java:1413)
	at org.testng.Assert.assertEqualsImpl(Assert.java:149)
	at org.testng.Assert.assertEquals(Assert.java:131)
	at org.testng.Assert.assertEquals(Assert.java:655)
	at org.testng.Assert.assertEquals(Assert.java:665)
	at stepDefs.sliderFeatureSteps.checkOnNokiaUrl(sliderFeatureSteps.java:27)
	at ✽.user should navigate to Nokia page(file:///C:/Users/user/IdeaProjects/E-commerce%20App%20Automation%20Testing/src/main/resources/features/slider.feature:7)
]]></failure>
</testcase>
<testcase classname="test slider" name="test iphone pic" time="9.09">
<failure message="expected [https://demo.nopcommerce.com/iphone-6] but found [https://demo.nopcommerce.com/]" type="java.lang.AssertionError"><![CDATA[Given initialize slider feature.............................................passed
When user select iphone picture.............................................passed
Then user should navigate to iphone page....................................failed

StackTrace:
java.lang.AssertionError: expected [https://demo.nopcommerce.com/iphone-6] but found [https://demo.nopcommerce.com/]
	at org.testng.Assert.fail(Assert.java:110)
	at org.testng.Assert.failNotEquals(Assert.java:1413)
	at org.testng.Assert.assertEqualsImpl(Assert.java:149)
	at org.testng.Assert.assertEquals(Assert.java:131)
	at org.testng.Assert.assertEquals(Assert.java:655)
	at org.testng.Assert.assertEquals(Assert.java:665)
	at stepDefs.sliderFeatureSteps.checkOnIphoneUrl(sliderFeatureSteps.java:37)
	at ✽.user should navigate to iphone page(file:///C:/Users/user/IdeaProjects/E-commerce%20App%20Automation%20Testing/src/main/resources/features/slider.feature:11)
]]></failure>
</testcase>
<testcase classname="test wish list" name="test add HTC to wish list" time="8.818">
<system-out><![CDATA[Given initialize wish list feature..........................................passed
When user select to add HTC phone to wish list..............................passed
Then user should get a success message......................................passed
]]></system-out>
</testcase>
<testcase classname="test wish list" name="check on wish list cart" time="15.964">
<system-out><![CDATA[Given initialize wish list feature..........................................passed
When user select to add HTC phone to wish list..............................passed
And click on wish list......................................................passed
Then user should find the product...........................................passed
]]></system-out>
</testcase>
</testsuite>
